<?xml version="1.0" encoding="UTF-8"?>
<!-- Generated by org.testng.reporters.JUnitReportReporter -->
<testsuite skipped="0" hostname="yifeis-mbp.genpt.net" name="org.cucumber.tests.OpenMRSTests" tests="1" failures="0" timestamp="24 Oct 2018 11:18:25 GMT" time="1.909" errors="0">
  <testcase name="login" time="1.909" classname="org.cucumber.tests.OpenMRSTests"/>
</testsuite> <!-- org.cucumber.tests.OpenMRSTests -->
